0 info it worked if it ends with ok
1 verbose cli [ '/home/domvas/.nvm/versions/node/v6.8.1/bin/node',
1 verbose cli   '/home/domvas/.nvm/versions/node/v6.8.1/bin/npm',
1 verbose cli   'run',
1 verbose cli   'api' ]
2 info using npm@3.10.8
3 info using node@v6.8.1
4 verbose run-script [ 'preapi', 'api', 'postapi' ]
5 info lifecycle elm_app_tutorial@1.0.0~preapi: elm_app_tutorial@1.0.0
6 silly lifecycle elm_app_tutorial@1.0.0~preapi: no script for preapi, continuing
7 info lifecycle elm_app_tutorial@1.0.0~api: elm_app_tutorial@1.0.0
8 verbose lifecycle elm_app_tutorial@1.0.0~api: unsafe-perm in lifecycle true
9 verbose lifecycle elm_app_tutorial@1.0.0~api: PATH: /home/domvas/.nvm/versions/node/v6.8.1/lib/node_modules/npm/bin/node-gyp-bin:/home/domvas/Developpement/test_elm/tutorial_app/node_modules/.bin:/home/domvas/Developpement/tools/elm/:/home/domvas/anaconda2/bin:/home/domvas/.local/bin:/home/domvas/.nvm/versions/node/v6.8.1/bin:/usr/local/bin:/usr/bin:/bin:/usr/local/games:/usr/games
10 verbose lifecycle elm_app_tutorial@1.0.0~api: CWD: /home/domvas/Developpement/test_elm/tutorial_app
11 silly lifecycle elm_app_tutorial@1.0.0~api: Args: [ '-c', 'node api.js' ]
12 silly lifecycle elm_app_tutorial@1.0.0~api: Returned: code: 1  signal: null
13 info lifecycle elm_app_tutorial@1.0.0~api: Failed to exec api script
14 verbose stack Error: elm_app_tutorial@1.0.0 api: `node api.js`
14 verbose stack Exit status 1
14 verbose stack     at EventEmitter.<anonymous> (/home/domvas/.nvm/versions/node/v6.8.1/lib/node_modules/npm/lib/utils/lifecycle.js:255:16)
14 verbose stack     at emitTwo (events.js:106:13)
14 verbose stack     at EventEmitter.emit (events.js:191:7)
14 verbose stack     at ChildProcess.<anonymous> (/home/domvas/.nvm/versions/node/v6.8.1/lib/node_modules/npm/lib/utils/spawn.js:40:14)
14 verbose stack     at emitTwo (events.js:106:13)
14 verbose stack     at ChildProcess.emit (events.js:191:7)
14 verbose stack     at maybeClose (internal/child_process.js:877:16)
14 verbose stack     at Process.ChildProcess._handle.onexit (internal/child_process.js:226:5)
15 verbose pkgid elm_app_tutorial@1.0.0
16 verbose cwd /home/domvas/Developpement/test_elm/tutorial_app
17 error Linux 3.16.0-4-amd64
18 error argv "/home/domvas/.nvm/versions/node/v6.8.1/bin/node" "/home/domvas/.nvm/versions/node/v6.8.1/bin/npm" "run" "api"
19 error node v6.8.1
20 error npm  v3.10.8
21 error code ELIFECYCLE
22 error elm_app_tutorial@1.0.0 api: `node api.js`
22 error Exit status 1
23 error Failed at the elm_app_tutorial@1.0.0 api script 'node api.js'.
23 error Make sure you have the latest version of node.js and npm installed.
23 error If you do, this is most likely a problem with the elm_app_tutorial package,
23 error not with npm itself.
23 error Tell the author that this fails on your system:
23 error     node api.js
23 error You can get information on how to open an issue for this project with:
23 error     npm bugs elm_app_tutorial
23 error Or if that isn't available, you can get their info via:
23 error     npm owner ls elm_app_tutorial
23 error There is likely additional logging output above.
24 verbose exit [ 1, true ]
